<?xml version="1.0" encoding="UTF-8"?>
<!-- Generated by org.testng.reporters.JUnitReportReporter -->
<testsuite hostname="Ashu" failures="0" tests="1" name="com.testCases.ReadExcelTest" time="0.726" errors="0" timestamp="2025-01-26T12:53:33 IST" skipped="0">
  <testcase classname="com.testCases.ReadExcelTest" name="readExcelTest" time="0.726"/>
</testsuite> <!-- com.testCases.ReadExcelTest -->
