<?xml version="1.0" encoding="UTF-8"?>
<!-- Generated by org.testng.reporters.JUnitReportReporter -->
<testsuite hostname="Ashu" failures="0" tests="3" name="com.testCases.PaginationTests" time="22.951" errors="0" timestamp="2025-01-27T19:23:45 IST" skipped="0">
  <testcase classname="com.testCases.PaginationTests" name="checkProduct" time="10.396"/>
  <testcase classname="com.testCases.PaginationTests" name="shadowDom" time="7.133"/>
  <testcase classname="com.testCases.PaginationTests" name="getPriceofProduct" time="5.422"/>
</testsuite> <!-- com.testCases.PaginationTests -->
