<?xml version="1.0" encoding="UTF-8"?>
<!-- Generated by org.testng.reporters.JUnitReportReporter -->
<testsuite hostname="Ashu" failures="0" tests="2" name="com.testCases.AutomationBlogSpot" time="14.741" errors="0" timestamp="2025-01-27T14:10:56 IST" skipped="0">
  <testcase classname="com.testCases.AutomationBlogSpot" name="firstTestCase" time="8.287"/>
  <testcase classname="com.testCases.AutomationBlogSpot" name="firstTestCase" time="6.454"/>
</testsuite> <!-- com.testCases.AutomationBlogSpot -->
