<?xml version="1.0" encoding="UTF-8"?>
<!-- Generated by org.testng.reporters.JUnitReportReporter -->
<testsuite hostname="Ashu" failures="0" tests="1" name="com.testCases.WriteToExcel" time="0.910" errors="0" timestamp="2025-01-26T12:53:33 IST" skipped="0">
  <testcase classname="com.testCases.WriteToExcel" name="writeToExcel" time="0.910"/>
</testsuite> <!-- com.testCases.WriteToExcel -->
