<?xml version="1.0" encoding="UTF-8"?>
<!-- Generated by org.testng.reporters.JUnitReportReporter -->
<testsuite hostname="Ashu" failures="0" tests="2" name="com.testCases.AutomationBlogSpot" time="11.716" errors="0" timestamp="2025-01-26T12:57:11 IST" skipped="0">
  <testcase classname="com.testCases.AutomationBlogSpot" name="firstTestCase" time="6.414"/>
  <testcase classname="com.testCases.AutomationBlogSpot" name="firstTestCase" time="5.302"/>
</testsuite> <!-- com.testCases.AutomationBlogSpot -->
